2024-08-06 20:31:10,915 [INFO] Activator:176 - 


2024-08-06 20:31:10,927 [INFO] Activator:177 - !SESSION log4j initialized
2024-08-06 20:31:20,063 [INFO] LogOutputStream:77 - [STDOUT_REDIRECT] 
2024-08-06 20:31:22,715 [INFO] ApplicationProperties:184 - Using Application install path: C:\ST\STM32CubeIDE_1.16.0\STM32CubeIDE\plugins\com.st.stm32cube.common.mx_6.12.0.202406281431
2024-08-06 20:31:22,736 [INFO] DbMcusXml:78 - Set database path to: C:\ST\STM32CubeIDE_1.16.0\STM32CubeIDE\plugins\com.st.stm32cube.common.mx_6.12.0.202406281431\\db\/mcu/
2024-08-06 20:31:22,736 [INFO] ApiDb:274 - Set plugin database path to: C:\ST\STM32CubeIDE_1.16.0\STM32CubeIDE\plugins\com.st.stm32cube.common.mx_6.12.0.202406281431\\db\/plugins/boardmanager/
2024-08-06 20:31:22,737 [WARN] ApiDb:259 - Overriding images path with different value:  => C:\ST\STM32CubeIDE_1.16.0\STM32CubeIDE\plugins\com.st.stm32cube.common.mx_6.12.0.202406281431\\db\/plugins/mcufinder/images/
2024-08-06 20:31:22,748 [INFO] ApiDb:250 - Set database path to: C:\Users\vuyani\.stmcufinder\plugins\mcufinder//mcu/
2024-08-06 20:31:22,750 [INFO] DbMcusAds:125 - Set database path to: C:\Users\vuyani\.stmcufinder\plugins\mcufinder//mcu/
2024-08-06 20:31:22,753 [INFO] CrossReferenceDbSqlite:203 - Set database path to: C:\Users\vuyani\.stmcufinder\plugins\mcufinder//mcu/cs/
2024-08-06 20:31:22,904 [INFO] RulesReader:64 - Compatibility file has been processed (297 Rules)
2024-08-06 20:31:23,074 [INFO] DbMcusXml:78 - Set database path to: C:\ST\STM32CubeIDE_1.16.0\STM32CubeIDE\plugins\com.st.stm32cube.common.mx_6.12.0.202406281431\\db\/mcu/
2024-08-06 20:31:23,074 [INFO] ApiDb:274 - Set plugin database path to: C:\ST\STM32CubeIDE_1.16.0\STM32CubeIDE\plugins\com.st.stm32cube.common.mx_6.12.0.202406281431\\db\/plugins/boardmanager/
2024-08-06 20:31:23,074 [INFO] ApiDb:261 - Set plugin images path to: C:\ST\STM32CubeIDE_1.16.0\STM32CubeIDE\plugins\com.st.stm32cube.common.mx_6.12.0.202406281431\\db\/plugins/mcufinder/images/
2024-08-06 20:31:23,074 [WARN] DbFile:41 - Overriding database path with different value: C:\Users\vuyani\.stmcufinder\plugins\mcufinder/ => C:\Users\vuyani\.stmcufinder\plugins\mcufinder
2024-08-06 20:31:23,074 [INFO] ApiDb:250 - Set database path to: C:\Users\vuyani\.stmcufinder\plugins\mcufinder//mcu/
2024-08-06 20:31:23,074 [WARN] DbFile:41 - Overriding database path with different value: C:\Users\vuyani\.stmcufinder\plugins\mcufinder/ => C:\Users\vuyani\.stmcufinder\plugins\mcufinder
2024-08-06 20:31:23,074 [INFO] DbMcusAds:125 - Set database path to: C:\Users\vuyani\.stmcufinder\plugins\mcufinder//mcu/
2024-08-06 20:31:23,075 [WARN] DbFile:41 - Overriding database path with different value: C:\Users\vuyani\.stmcufinder\plugins\mcufinder/ => C:\Users\vuyani\.stmcufinder\plugins\mcufinder
2024-08-06 20:31:23,075 [WARN] DbFile:41 - Overriding database path with different value: C:\Users\vuyani\.stmcufinder\plugins\mcufinder/ => C:\Users\vuyani\.stmcufinder\plugins\mcufinder
2024-08-06 20:31:23,075 [INFO] CrossReferenceDbSqlite:203 - Set database path to: C:\Users\vuyani\.stmcufinder\plugins\mcufinder//mcu/cs/
2024-08-06 20:31:23,198 [INFO] MainPanel:268 - HeapMemory: 268435456
2024-08-06 20:31:23,345 [INFO] DbMcusXml:78 - Set database path to: C:\ST\STM32CubeIDE_1.16.0\STM32CubeIDE\plugins\com.st.stm32cube.common.mx_6.12.0.202406281431\\db\/mcu/
2024-08-06 20:31:23,345 [INFO] ApiDb:274 - Set plugin database path to: C:\ST\STM32CubeIDE_1.16.0\STM32CubeIDE\plugins\com.st.stm32cube.common.mx_6.12.0.202406281431\\db\/plugins/boardmanager/
2024-08-06 20:31:23,345 [INFO] ApiDb:261 - Set plugin images path to: C:\ST\STM32CubeIDE_1.16.0\STM32CubeIDE\plugins\com.st.stm32cube.common.mx_6.12.0.202406281431\\db\/plugins/mcufinder/images/
2024-08-06 20:31:23,346 [WARN] DbFile:41 - Overriding database path with different value: C:\Users\vuyani\.stmcufinder\plugins\mcufinder/ => C:\Users\vuyani\.stmcufinder\plugins\mcufinder
2024-08-06 20:31:23,346 [INFO] ApiDb:250 - Set database path to: C:\Users\vuyani\.stmcufinder\plugins\mcufinder//mcu/
2024-08-06 20:31:23,346 [WARN] DbFile:41 - Overriding database path with different value: C:\Users\vuyani\.stmcufinder\plugins\mcufinder/ => C:\Users\vuyani\.stmcufinder\plugins\mcufinder
2024-08-06 20:31:23,346 [INFO] DbMcusAds:125 - Set database path to: C:\Users\vuyani\.stmcufinder\plugins\mcufinder//mcu/
2024-08-06 20:31:23,346 [WARN] DbFile:41 - Overriding database path with different value: C:\Users\vuyani\.stmcufinder\plugins\mcufinder/ => C:\Users\vuyani\.stmcufinder\plugins\mcufinder
2024-08-06 20:31:23,346 [WARN] DbFile:41 - Overriding database path with different value: C:\Users\vuyani\.stmcufinder\plugins\mcufinder/ => C:\Users\vuyani\.stmcufinder\plugins\mcufinder
2024-08-06 20:31:23,347 [INFO] CrossReferenceDbSqlite:203 - Set database path to: C:\Users\vuyani\.stmcufinder\plugins\mcufinder//mcu/cs/
2024-08-06 20:31:23,369 [INFO] ApplicationProperties:184 - Using Application install path: C:\ST\STM32CubeIDE_1.16.0\STM32CubeIDE\plugins\com.st.stm32cube.common.mx_6.12.0.202406281431
2024-08-06 20:31:23,372 [INFO] PluginManage:196 - Search for loadable plugins [exclusion list=, ]
2024-08-06 20:31:23,373 [INFO] PluginManage:310 - Check plugin analytics
2024-08-06 20:31:23,680 [INFO] AnalyticsPlugin:253 - Accepted Software Licenses: 
2024-08-06 20:31:23,680 [INFO] AnalyticsPlugin:255 - Accepted CMSIS Pack Licenses: 
2024-08-06 20:31:23,680 [INFO] AnalyticsPlugin:257 - Accepted Firmware Licenses: 
2024-08-06 20:31:23,706 [INFO] PluginManage:359 - Loaded plugin analytics (category:tool,tabindex:-1)
2024-08-06 20:31:23,707 [INFO] PluginManage:310 - Check plugin cadmodel
2024-08-06 20:31:23,719 [INFO] CADModel:105 - Init CAD model plugin
2024-08-06 20:31:23,720 [INFO] PluginManage:359 - Loaded plugin cadmodel (category:power,tabindex:5)
2024-08-06 20:31:23,721 [INFO] PluginManage:310 - Check plugin clock
2024-08-06 20:31:23,743 [INFO] PluginManage:359 - Loaded plugin clock (category:base,tabindex:2)
2024-08-06 20:31:23,743 [INFO] PluginManage:310 - Check plugin ddr
2024-08-06 20:31:23,752 [INFO] PluginManage:359 - Loaded plugin ddr (category:tool,tabindex:6)
2024-08-06 20:31:23,753 [INFO] PluginManage:310 - Check plugin filemanager
2024-08-06 20:31:24,001 [INFO] PluginManage:359 - Loaded plugin filemanager (category:base,tabindex:10)
2024-08-06 20:31:24,001 [INFO] PluginManage:310 - Check plugin ipmanager
2024-08-06 20:31:24,019 [INFO] PluginManage:359 - Loaded plugin ipmanager (category:base,tabindex:5)
2024-08-06 20:31:24,020 [INFO] PluginManage:310 - Check plugin lpbam
2024-08-06 20:31:24,033 [INFO] PluginManage:359 - Loaded plugin lpbam (category:base,tabindex:0)
2024-08-06 20:31:24,033 [INFO] PluginManage:310 - Check plugin memorymap
2024-08-06 20:31:24,057 [INFO] PluginManage:359 - Loaded plugin memorymap (category:base,tabindex:4)
2024-08-06 20:31:24,057 [INFO] PluginManage:310 - Check plugin pinoutandconfiguration
2024-08-06 20:31:24,075 [INFO] PluginManage:359 - Loaded plugin pinoutandconfiguration (category:base,tabindex:1)
2024-08-06 20:31:24,075 [INFO] PluginManage:310 - Check plugin pinoutconfig
2024-08-06 20:31:24,195 [WARN] SupportedApi:132 - Cannot load RTOS API schema: s4s-elt-must-match.1: The content of 'definitions' must match (annotation?, (simpleType | complexType)?, (unique | key | keyref)*)). A problem was found starting at: attribute.
2024-08-06 20:31:24,374 [INFO] PluginManage:359 - Loaded plugin pinoutconfig (category:base,tabindex:0)
2024-08-06 20:31:24,375 [INFO] PluginManage:310 - Check plugin power
2024-08-06 20:31:24,388 [INFO] PluginManage:359 - Loaded plugin power (category:power,tabindex:4)
2024-08-06 20:31:24,389 [INFO] PluginManage:310 - Check plugin projectmanager
2024-08-06 20:31:24,432 [INFO] PluginManage:359 - Loaded plugin projectmanager (category:projectmanager,tabindex:4)
2024-08-06 20:31:24,432 [INFO] PluginManage:310 - Check plugin rif
2024-08-06 20:31:24,445 [INFO] PluginManage:359 - Loaded plugin rif (category:base,tabindex:3)
2024-08-06 20:31:24,445 [INFO] PluginManage:310 - Check plugin thirdparty
2024-08-06 20:31:24,862 [INFO] PluginManage:359 - Loaded plugin thirdparty (category:base,tabindex:-1)
2024-08-06 20:31:24,863 [INFO] PluginManage:310 - Check plugin tools
2024-08-06 20:31:24,865 [WARN] IntegrityCheckThread:84 - waiting for thirdparty lock release [integrity check]
2024-08-06 20:31:24,866 [INFO] IntegrityCheckThread:86 - entering critical section [integrity check]
2024-08-06 20:31:24,867 [INFO] ThirdPartyUpdaterWithRetryManager:70 - Updater plugin not ready yet. [1/15]
2024-08-06 20:31:24,868 [INFO] PluginManage:359 - Loaded plugin tools (category:base,tabindex:7)
2024-08-06 20:31:24,868 [INFO] PluginManage:310 - Check plugin tutovideos
2024-08-06 20:31:25,096 [INFO] PluginManage:359 - Loaded plugin tutovideos (category:base,tabindex:-1)
2024-08-06 20:31:25,096 [INFO] PluginManage:310 - Check plugin updater
2024-08-06 20:31:25,158 [INFO] PluginManage:359 - Loaded plugin updater (category:base,tabindex:12)
2024-08-06 20:31:25,158 [INFO] PluginManage:310 - Check plugin userauth
2024-08-06 20:31:25,166 [INFO] UserAuth:113 - Init User Auth plugin
2024-08-06 20:31:25,166 [INFO] PluginManage:359 - Loaded plugin userauth (category:base,tabindex:14)
2024-08-06 20:31:25,167 [INFO] PluginManage:283 - PluginManage : Loaded plugins [18]
2024-08-06 20:31:25,523 [INFO] PinOutPanel:1561 - setPackage(No Configuration,No Configuration)
2024-08-06 20:31:25,717 [INFO] CADModel:165 - CPN selected for project level
2024-08-06 20:31:25,717 [INFO] CADModel:114 - Register for checkConnection events
2024-08-06 20:31:25,758 [INFO] IPUIPlugin:80 - create IPUIPlugin
2024-08-06 20:31:25,758 [INFO] PluginManager:220 - loadIPPluginJar : add adc
2024-08-06 20:31:25,763 [INFO] IPUIPlugin:80 - create IPUIPlugin
2024-08-06 20:31:25,763 [INFO] PluginManager:220 - loadIPPluginJar : add aes
2024-08-06 20:31:25,767 [INFO] IPUIPlugin:80 - create IPUIPlugin
2024-08-06 20:31:25,768 [INFO] PluginManager:220 - loadIPPluginJar : add can
2024-08-06 20:31:25,776 [INFO] IPUIPlugin:80 - create IPUIPlugin
2024-08-06 20:31:25,776 [INFO] PluginManager:220 - loadIPPluginJar : add comp
2024-08-06 20:31:25,780 [INFO] IPUIPlugin:80 - create IPUIPlugin
2024-08-06 20:31:25,780 [INFO] PluginManager:220 - loadIPPluginJar : add cryp
2024-08-06 20:31:25,784 [INFO] IPUIPlugin:80 - create IPUIPlugin
2024-08-06 20:31:25,785 [INFO] PluginManager:220 - loadIPPluginJar : add ddr_ctrl_phy
2024-08-06 20:31:25,794 [INFO] IPUIPlugin:80 - create IPUIPlugin
2024-08-06 20:31:25,794 [INFO] PluginManager:220 - loadIPPluginJar : add dfsdm
2024-08-06 20:31:25,801 [INFO] IPUIPlugin:80 - create IPUIPlugin
2024-08-06 20:31:25,802 [INFO] PluginManager:220 - loadIPPluginJar : add dma
2024-08-06 20:31:25,811 [INFO] IPUIPlugin:80 - create IPUIPlugin
2024-08-06 20:31:25,811 [INFO] PluginManager:220 - loadIPPluginJar : add dma3
2024-08-06 20:31:25,815 [INFO] IPUIPlugin:80 - create IPUIPlugin
2024-08-06 20:31:25,816 [INFO] PluginManager:220 - loadIPPluginJar : add extmemmanager
2024-08-06 20:31:25,818 [INFO] IPUIPlugin:80 - create IPUIPlugin
2024-08-06 20:31:25,818 [INFO] PluginManager:220 - loadIPPluginJar : add fatfs
2024-08-06 20:31:25,829 [INFO] IPUIPlugin:80 - create IPUIPlugin
2024-08-06 20:31:25,829 [INFO] PluginManager:220 - loadIPPluginJar : add fmc
2024-08-06 20:31:25,842 [INFO] IPUIPlugin:80 - create IPUIPlugin
2024-08-06 20:31:25,842 [INFO] PluginManager:220 - loadIPPluginJar : add freertos
2024-08-06 20:31:25,844 [INFO] IPUIPlugin:80 - create IPUIPlugin
2024-08-06 20:31:25,845 [INFO] PluginManager:220 - loadIPPluginJar : add genericplugin
2024-08-06 20:31:25,848 [INFO] IPUIPlugin:80 - create IPUIPlugin
2024-08-06 20:31:25,849 [INFO] PluginManager:220 - loadIPPluginJar : add gfxmmu
2024-08-06 20:31:25,864 [INFO] IPUIPlugin:80 - create IPUIPlugin
2024-08-06 20:31:25,865 [INFO] PluginManager:220 - loadIPPluginJar : add gic
2024-08-06 20:31:25,878 [INFO] IPUIPlugin:80 - create IPUIPlugin
2024-08-06 20:31:25,878 [INFO] PluginManager:220 - loadIPPluginJar : add gpio
2024-08-06 20:31:25,883 [INFO] IPUIPlugin:80 - create IPUIPlugin
2024-08-06 20:31:25,883 [INFO] PluginManager:220 - loadIPPluginJar : add gtzc
2024-08-06 20:31:25,891 [INFO] IPUIPlugin:80 - create IPUIPlugin
2024-08-06 20:31:25,892 [INFO] PluginManager:220 - loadIPPluginJar : add hash
2024-08-06 20:31:25,897 [INFO] IPUIPlugin:80 - create IPUIPlugin
2024-08-06 20:31:25,897 [INFO] PluginManager:220 - loadIPPluginJar : add i2c
2024-08-06 20:31:25,903 [INFO] IPUIPlugin:80 - create IPUIPlugin
2024-08-06 20:31:25,903 [INFO] PluginManager:220 - loadIPPluginJar : add i2s
2024-08-06 20:31:25,916 [INFO] IPUIPlugin:80 - create IPUIPlugin
2024-08-06 20:31:25,916 [INFO] PluginManager:220 - loadIPPluginJar : add i3c
2024-08-06 20:31:25,927 [INFO] IPUIPlugin:80 - create IPUIPlugin
2024-08-06 20:31:25,928 [INFO] PluginManager:220 - loadIPPluginJar : add ipddr
2024-08-06 20:31:25,946 [INFO] IPUIPlugin:80 - create IPUIPlugin
2024-08-06 20:31:25,946 [INFO] PluginManager:220 - loadIPPluginJar : add linkedlist
2024-08-06 20:31:25,953 [INFO] IPUIPlugin:80 - create IPUIPlugin
2024-08-06 20:31:25,953 [INFO] PluginManager:220 - loadIPPluginJar : add lorawan
2024-08-06 20:31:25,962 [INFO] IPUIPlugin:80 - create IPUIPlugin
2024-08-06 20:31:25,962 [INFO] PluginManager:220 - loadIPPluginJar : add ltdc
2024-08-06 20:31:25,979 [INFO] IPUIPlugin:80 - create IPUIPlugin
2024-08-06 20:31:25,979 [INFO] PluginManager:220 - loadIPPluginJar : add mdma
2024-08-06 20:31:25,986 [INFO] IPUIPlugin:80 - create IPUIPlugin
2024-08-06 20:31:25,986 [INFO] PluginManager:220 - loadIPPluginJar : add nvic
2024-08-06 20:31:25,998 [INFO] IPUIPlugin:80 - create IPUIPlugin
2024-08-06 20:31:25,998 [INFO] PluginManager:220 - loadIPPluginJar : add opamp
2024-08-06 20:31:26,008 [INFO] IPUIPlugin:80 - create IPUIPlugin
2024-08-06 20:31:26,008 [INFO] PluginManager:220 - loadIPPluginJar : add openamp
2024-08-06 20:31:26,016 [INFO] IPUIPlugin:80 - create IPUIPlugin
2024-08-06 20:31:26,016 [INFO] PluginManager:220 - loadIPPluginJar : add pdm2pcm
2024-08-06 20:31:26,031 [INFO] IPUIPlugin:80 - create IPUIPlugin
2024-08-06 20:31:26,035 [INFO] PluginManager:220 - loadIPPluginJar : add plateformsettings
2024-08-06 20:31:26,043 [INFO] IPUIPlugin:80 - create IPUIPlugin
2024-08-06 20:31:26,043 [INFO] PluginManager:220 - loadIPPluginJar : add quadspi
2024-08-06 20:31:26,047 [INFO] IPUIPlugin:80 - create IPUIPlugin
2024-08-06 20:31:26,048 [INFO] PluginManager:220 - loadIPPluginJar : add radio
2024-08-06 20:31:26,060 [INFO] IPUIPlugin:80 - create IPUIPlugin
2024-08-06 20:31:26,060 [INFO] PluginManager:220 - loadIPPluginJar : add resmgrutility
2024-08-06 20:31:26,066 [INFO] IPUIPlugin:80 - create IPUIPlugin
2024-08-06 20:31:26,066 [INFO] PluginManager:220 - loadIPPluginJar : add sai
2024-08-06 20:31:26,074 [INFO] IPUIPlugin:80 - create IPUIPlugin
2024-08-06 20:31:26,074 [INFO] PluginManager:220 - loadIPPluginJar : add spi
2024-08-06 20:31:26,083 [INFO] IPUIPlugin:80 - create IPUIPlugin
2024-08-06 20:31:26,083 [INFO] PluginManager:220 - loadIPPluginJar : add stm32_wpan
2024-08-06 20:31:26,092 [INFO] IPUIPlugin:80 - create IPUIPlugin
2024-08-06 20:31:26,092 [INFO] PluginManager:220 - loadIPPluginJar : add tim
2024-08-06 20:31:26,098 [INFO] IPUIPlugin:80 - create IPUIPlugin
2024-08-06 20:31:26,098 [INFO] PluginManager:220 - loadIPPluginJar : add touchsensing
2024-08-06 20:31:26,102 [INFO] IPUIPlugin:80 - create IPUIPlugin
2024-08-06 20:31:26,104 [INFO] PluginManager:220 - loadIPPluginJar : add tracer_emb
2024-08-06 20:31:26,111 [INFO] IPUIPlugin:80 - create IPUIPlugin
2024-08-06 20:31:26,111 [INFO] PluginManager:220 - loadIPPluginJar : add ts
2024-08-06 20:31:26,115 [INFO] IPUIPlugin:80 - create IPUIPlugin
2024-08-06 20:31:26,116 [INFO] PluginManager:220 - loadIPPluginJar : add tsc
2024-08-06 20:31:26,119 [INFO] IPUIPlugin:80 - create IPUIPlugin
2024-08-06 20:31:26,119 [INFO] PluginManager:220 - loadIPPluginJar : add ucpd
2024-08-06 20:31:26,125 [INFO] IPUIPlugin:80 - create IPUIPlugin
2024-08-06 20:31:26,125 [INFO] PluginManager:220 - loadIPPluginJar : add usart
2024-08-06 20:31:26,129 [INFO] IPUIPlugin:80 - create IPUIPlugin
2024-08-06 20:31:26,130 [INFO] PluginManager:220 - loadIPPluginJar : add usbx
2024-08-06 20:31:26,327 [INFO] CADModel:165 - CPN selected for project level
2024-08-06 20:31:26,327 [INFO] CADModel:114 - Register for checkConnection events
2024-08-06 20:31:26,328 [FATAL] Updater:334 - Updater called before beeing initialized
2024-08-06 20:31:26,328 [ERROR] CADModel:125 - Updater not yet initialized, retry later 
2024-08-06 20:31:26,518 [INFO] CADModel:165 - CPN selected for project level
2024-08-06 20:31:26,518 [INFO] CADModel:114 - Register for checkConnection events
2024-08-06 20:31:26,518 [FATAL] Updater:334 - Updater called before beeing initialized
2024-08-06 20:31:26,518 [ERROR] CADModel:125 - Updater not yet initialized, retry later 
2024-08-06 20:31:26,527 [FATAL] Updater:334 - Updater called before beeing initialized
2024-08-06 20:31:26,730 [FATAL] Updater:334 - Updater called before beeing initialized
2024-08-06 20:31:26,739 [INFO] DbMcusAds:53 - JSON generation date=Thu Sep 30 08:55:09 SAST 2021 (1632984909247)
2024-08-06 20:31:26,739 [FATAL] Updater:334 - Updater called before beeing initialized
2024-08-06 20:31:26,814 [WARN] DetailPanel:346 - Failed to get advertising image, set to default
2024-08-06 20:31:26,942 [FATAL] Updater:334 - Updater called before beeing initialized
2024-08-06 20:31:26,944 [FATAL] Updater:334 - Updater called before beeing initialized
2024-08-06 20:31:26,944 [FATAL] Updater:334 - Updater called before beeing initialized
2024-08-06 20:31:26,944 [WARN] DetailPanel:346 - Failed to get advertising image, set to default
2024-08-06 20:31:26,945 [FATAL] Updater:334 - Updater called before beeing initialized
2024-08-06 20:31:27,026 [ERROR] Updater:1164 - MainUpdater not yet initialized. External WinMGr cannot be set.
2024-08-06 20:31:27,029 [INFO] Updater:1100 - Updater Version found : 6.12.0
2024-08-06 20:31:27,060 [INFO] ApplicationProperties:184 - Using Application install path: C:\ST\STM32CubeIDE_1.16.0\STM32CubeIDE\plugins\com.st.stm32cube.common.mx_6.12.0.202406281431
2024-08-06 20:31:27,867 [INFO] ThirdPartyUpdaterWithRetryManager:70 - Updater plugin not ready yet. [2/15]
2024-08-06 20:31:28,668 [ERROR] LogOutputStream:75 - [STDERR_REDIRECT] Aug 06, 2024 8:31:28 PM java.util.prefs.WindowsPreferences <init>
2024-08-06 20:31:28,675 [ERROR] LogOutputStream:75 - [STDERR_REDIRECT] WARNING: Could not open/create prefs root node Software\JavaSoft\Prefs at root 0xffffffff80000002. Windows RegCreateKeyEx(...) returned error code 5.
2024-08-06 20:31:28,676 [ERROR] LogOutputStream:75 - [STDERR_REDIRECT] 
2024-08-06 20:31:29,125 [INFO] MainUpdater:2873 - connection check result : 10
2024-08-06 20:31:29,126 [INFO] MainUpdater:290 - Updater Check For Update Now.
2024-08-06 20:31:29,126 [INFO] MicroXplorer:498 - Change Database Version : DB.6.0.120
2024-08-06 20:31:29,135 [INFO] McuFinderGlobals:63 - Set McuFinder mode to 2 (CubeIDE integrated)
2024-08-06 20:31:29,135 [INFO] UserAuth:179 - activating auth plugin
2024-08-06 20:31:29,145 [INFO] UserAuth:417 - Internet connection configuration mode: 1
2024-08-06 20:31:29,184 [INFO] JxBrowserEngine:152 - Initiate JxBrowser Engine with user profile folder
2024-08-06 20:31:29,365 [INFO] CheckServerUpdateThread:120 - End of CheckServer Thread
2024-08-06 20:31:31,330 [INFO] WebApp:167 - Instantiating new browser for Auth
2024-08-06 20:31:31,365 [WARN] PackLoader:240 - Cannot read IP mode file for STMicroelectronics.FP-SNS-MOTENVWB1.1.4.0
2024-08-06 20:31:31,425 [WARN] PackLoader:240 - Cannot read IP mode file for STMicroelectronics.FP-SNS-FLIGHT1.5.0.2
2024-08-06 20:31:31,509 [WARN] PackLoader:240 - Cannot read IP mode file for STMicroelectronics.FP-SNS-SMARTAG2.1.2.0
2024-08-06 20:31:31,598 [WARN] PackLoader:240 - Cannot read IP mode file for STMicroelectronics.FP-SNS-MOTENV1.5.0.0
2024-08-06 20:31:31,663 [WARN] PackLoader:240 - Cannot read IP mode file for STMicroelectronics.FP-ATR-SIGFOX1.3.2.0
2024-08-06 20:31:31,678 [WARN] PackLoader:240 - Cannot read IP mode file for STMicroelectronics.X-CUBE-AI.9.0.0
2024-08-06 20:31:31,694 [WARN] PackLoader:240 - Cannot read IP mode file for STMicroelectronics.FP-ATR-ASTRA1.2.0.0
2024-08-06 20:31:31,695 [INFO] ThirdParty:978 - Integrity check success = true
2024-08-06 20:31:31,695 [INFO] IntegrityCheckThread:100 - exiting critical section [integrity check]
2024-08-06 20:31:31,695 [INFO] IntegrityCheckThread:103 - End integrity checks thread
2024-08-06 20:31:35,361 [INFO] WebApp:448 - Apply proxy settings
2024-08-06 20:31:35,362 [INFO] WebApp:533 - Chromium requires no authentication
2024-08-06 20:31:35,382 [INFO] WebApp:476 - Direct internet connection detected
2024-08-06 20:31:35,442 [INFO] WebApp:869 - Register for checkConnection events
2024-08-06 20:31:35,442 [INFO] WebApp:448 - Apply proxy settings
2024-08-06 20:31:35,442 [INFO] WebApp:533 - Chromium requires no authentication
2024-08-06 20:31:35,443 [INFO] WebApp:476 - Direct internet connection detected
2024-08-06 20:31:35,917 [INFO] WebApp:220 - Starting web application
2024-08-06 20:31:35,917 [INFO] WebApp:578 - Web application path used C:\ST\STM32CubeIDE_1.16.0\STM32CubeIDE\plugins\com.st.stm32cube.common.mx_6.12.0.202406281431\db\plugins\mcufinder\reactClient1\index.html
2024-08-06 20:31:37,311 [INFO] WebApp:186 - Connection restablished
